2025-01-07 18:48:26.515 [info] Reading sessions from keychain...
2025-01-07 18:48:26.515 [info] Getting sessions for all scopes...
2025-01-07 18:48:26.515 [info] Getting sessions for all scopes...
2025-01-07 18:48:26.515 [info] Getting sessions for all scopes...
2025-01-07 18:48:26.515 [info] Got stored sessions!
2025-01-07 18:48:26.515 [info] Got 1 verified sessions.
2025-01-07 18:48:26.515 [info] Got 1 sessions for ...
2025-01-07 18:48:26.515 [info] Got 1 sessions for ...
2025-01-07 18:48:26.515 [info] Got 1 sessions for ...
2025-01-07 18:48:26.515 [info] Getting sessions for all scopes...
2025-01-07 18:48:26.515 [info] Got 1 sessions for ...
2025-01-07 18:48:26.515 [info] Getting sessions for all scopes...
2025-01-07 18:48:26.515 [info] Got 1 sessions for ...
2025-01-07 18:48:26.515 [info] Getting sessions for all scopes...
2025-01-07 18:48:26.515 [info] Got 1 sessions for ...
2025-01-07 18:48:26.515 [info] Getting sessions for all scopes...
2025-01-07 18:48:26.515 [info] Got 1 sessions for ...
2025-01-07 18:48:26.515 [info] Getting sessions for all scopes...
2025-01-07 18:48:26.515 [info] Got 1 sessions for ...
2025-01-07 18:48:26.954 [info] Getting sessions for read:user,repo,user:email,workflow...
2025-01-07 18:48:26.954 [info] Got 1 sessions for read:user,repo,user:email,workflow...
2025-01-07 18:48:27.428 [info] Getting sessions for read:user,repo,user:email,workflow...
2025-01-07 18:48:27.428 [info] Got 1 sessions for read:user,repo,user:email,workflow...
2025-01-07 18:48:28.300 [info] Getting sessions for all scopes...
2025-01-07 18:48:28.300 [info] Got 1 sessions for ...
